===========================================
cpu_dbscan: Starting CPU DBSCAN clustering
=== Points Analysis ===
cpu_dbscan: Image name: /home/rlomba/cupy/pictures/patchy_black.jpg Size: (672, 848)
cpu_dbscan: Calculated min_pts as 2 * dimension + 1 => 2 * 2 + 1 = 5
cpu_dbscan: Using calculated min_pts: 5
cpu_dbscan: Using default std_scale: 1.0
cpu_dbscan: Number of points extracted: 40142
cpu_dbscan: time points extracted =  0.11536237923428416
=== Epsilon Calculation ===
cpu_dbscan: Calculating epsilon automatically...
cpu_dbscan: Recommended epsilon: 2.403130821346711
cpu_dbscan: Time epsilon obtained =  1094.101935239043
=== DBSCAN Clustering ===
cpu_dbscan: Time graph construction =  1920.1391806825995
cpu_dbscan: Time DBSCAN =  1.6914267321117222
cpu_dbscan: Number of clusters found: 114
cpu_dbscan: Time DBSCAN and graph construction =  1921.830617798958
=== Cluster Properties Calculation ===
cpu_dbscan: Time Properties =  0.055146407801657915
cpu_dbscan: Total time =  3016.103065127041
cpu_dbscan: Finished clustering and property computation. Saving results...
cpu_dbscan: Cluster properties saved to /home/rlomba/cupy/results/CPU/cluster_properties_patchy_black_s1.0_m5_e2.403130821346711_CPU.txt
cpu_dbscan: Histograms saved to /home/rlomba/cupy/results/CPU/histograms_patchy_black_s1.0_m5_CPU.png
cpu_dbscan: Histogram data saved to /home/rlomba/cupy/results/CPU/histogram_data_patchy_black_s1.0_m5_CPU.txt
cpu_dbscan: Clustered image saved as: /home/rlomba/cupy/results/CPU/patchy_black_clusters_CPU.png
cpu_dbscan: All results saved successfully.
cpu_dbscan: End of program.
===========================================
===========================================
cpu_dbscan_numba: Starting CPU DBSCAN clustering
=== Points Analysis ===
cpu_dbscan_numba: Image name: /home/rlomba/cupy/pictures/patchy_black.jpg Size: (672, 848)
cpu_dbscan_numba: Calculated min_pts as 2 * dimension + 1 => 2 * 2 + 1 = 5
cpu_dbscan_numba: Using calculated min_pts: 5
cpu_dbscan_numba: Using default std_scale: 1.0
cpu_dbscan_numba: Number of points extracted: 40142
cpu_dbscan_numba: time points extracted =  0.11421705596148968
=== Epsilon Calculation ===
cpu_dbscan_numba: Calculating epsilon automatically...
cpu_dbscan_numba: Recommended epsilon: 2.403130821346711
cpu_dbscan_numba: Time epsilon obtained =  2.386401828378439
=== DBSCAN Clustering ===
cpu_dbscan_numba: Time graph construction =  3.9083144958131015
cpu_dbscan_numba: Time DBSCAN =  0.1496744379401207
cpu_dbscan_numba: Number of clusters found: 114
cpu_dbscan_numba: Time DBSCAN and graph construction =  4.057998876553029
=== Cluster Properties Calculation ===
cpu_dbscan_numba: Time Properties =  0.05800193129107356
cpu_dbscan_numba: Total time =  6.616622778121382
cpu_dbscan_numba: Finished clustering and property computation. Saving results...
cpu_dbscan_numba: Cluster properties saved to /home/rlomba/cupy/results/CPU/cluster_properties_patchy_black_s1.0_m5_e2.403130821346711_CPU_numba.txt
cpu_dbscan_numba: Histograms saved to /home/rlomba/cupy/results/CPU/histograms_patchy_black_s1.0_m5_CPU_numba.png
cpu_dbscan_numba: Histogram data saved to /home/rlomba/cupy/results/CPU/histogram_data_patchy_black_s1.0_m5_CPU_numba.txt
cpu_dbscan_numba: Clustered image saved as: /home/rlomba/cupy/results/CPU/patchy_black_clusters_CPU_numba.png
cpu_dbscan_numba: All results saved successfully.
cpu_dbscan_numba: End of program.
===========================================
===========================================
gpu_dbscan: Starting GPU DBSCAN clustering
=== GPU Info ===
Number of devices: 1
Current device: 0 - NVIDIA H200 NVL
=== Points Analysis ===
gpu_dbscan: Image name: /home/rlomba/cupy/pictures/patchy_black.jpg Size: (672, 848)
gpu_dbscan: Calculated min_pts as 2 * dimension + 1 => 2 * 2 + 1 = 5
gpu_dbscan: Using calculated min_pts: 5
gpu_dbscan: Using default std_scale: 1.0
gpu_dbscan: Number of points to cluster: 40142
gpu_dbscan: TimePoints =  0.17573444731533527
=== Epsilon Calculation ===
gpu_dbscan: Recommended epsilon: 2.4031310081481934
gpu_dbscan: TimeEpsilon =  0.023033473640680313
=== DBSCAN Clustering ===
gpu_dbscan: TimeGraph =  0.029021163936704397
gpu_dbscan: TimeDBSCAN =  0.5616488154046237
gpu_dbscan: Number of clusters found: 114
gpu_dbscan: Time DBSCAN and graph construction =  0.5906797051429749
=== Cluster Properties Calculation ===
gpu_dbscan: Time Properties =  0.015261583030223846
gpu_dbscan: Total Time =  0.8047134950757027
gpu_dbscan: Finished clustering and property computation. Saving results...
gpu_dbscan: Cluster properties saved to results/GPU/cluster_properties_patchy_black_s1.0_m5_GPU.txt
gpu_dbscan: Histograms saved to results/GPU/histograms_patchy_black_s1.0_m5_GPU.png
gpu_dbscan: Histogram data saved to results/GPU/histogram_data_patchy_black_s1.0_m5_GPU.txt
cpu_dbscan: Clustered image saved as: /home/rlomba/cupy/results/GPU/patchy_black_clusters_GPU.png
gpu_dbscan: All results saved successfully.
gpu_dbscan: End of program.
===========================================
===========================================
gpu_dbscan_ctypes: Starting GPU DBSCAN clustering
=== GPU Info ===
gpu_dbscan_ctypes: Number of devices: 1
gpu_dbscan_ctypes: Current device: 0 - NVIDIA H200 NVL
=== Points Analysis ===
gpu_dbscan_ctypes: Image name: /home/rlomba/cupy/pictures/patchy_black.jpg Size: (672, 848)
gpu_dbscan_ctypes: Calculated min_pts as 2 * dimension + 1 => 2 * 2 + 1 = 5
gpu_dbscan_ctypes: Using calculated min_pts: 5
gpu_dbscan_ctypes: Using default std_scale: 1.0
gpu_dbscan_ctypes: Number of points to cluster: 40142
gpu_dbscan_ctypes: TimePoints =  0.1610161028802395
=== Epsilon Calculation ===
gpu_dbscan_ctypes: Recommended epsilon: 2.4031310081481934
gpu_dbscan_ctypes: TimeEpsilon =  0.017930220812559128
=== DBSCAN Clustering ===
gpu_dbscan_ctypes: TimeGraph =  0.028359910938888788
gpu_dbscan_ctypes: TimeDBSCAN =  0.04387184837833047
gpu_dbscan_ctypes: Number of clusters found: 114
gpu_dbscan_ctypes: Time DBSCAN and graph construction =  0.0722436411306262
=== Cluster Properties Calculation ===
gpu_dbscan_ctypes: Time Properties =  0.008949812036007643
gpu_dbscan_ctypes: Total Time =  0.2601441936567426
gpu_dbscan_ctypes: Finished clustering and property computation. Saving results...
gpu_dbscan_ctypes: Cluster properties saved to results/GPU/cluster_properties_patchy_black_s1.0_m5_GPU_ctypes.txt
gpu_dbscan_ctypes: Histograms saved to results/GPU/histograms_patchy_black_s1.0_m5_GPU_ctypes.png
gpu_dbscan_ctypes: Histogram data saved to results/GPU/histogram_data_patchy_black_s1.0_m5_GPU_ctypes.txt
gpu_dbscan_ctypes: Clustered image saved as: /home/rlomba/cupy/results/GPU/patchy_black_clusters_GPU_ctypes.png
gpu_dbscan_ctypes: All results saved successfully.
gpu_dbscan_ctypes: End of program.
===========================================
