===========================================
cpu_dbscan: Starting CPU DBSCAN clustering
=== Points Analysis ===
cpu_dbscan: Image name: /home/rlomba/cupy/pictures/salr.jpg Size: (1083, 951)
cpu_dbscan: Calculated min_pts as 2 * dimension + 1 => 2 * 2 + 1 = 5
cpu_dbscan: Using calculated min_pts: 5
cpu_dbscan: Using default std_scale: 1.0
cpu_dbscan: Number of points extracted: 93695
cpu_dbscan: time points extracted =  0.20281025115400553
=== Epsilon Calculation ===
cpu_dbscan: Calculating epsilon automatically...
cpu_dbscan: Recommended epsilon: 2.3372653865870716
cpu_dbscan: Time epsilon obtained =  5821.25443120487
=== DBSCAN Clustering ===
cpu_dbscan: Time graph construction =  10247.341734138783
cpu_dbscan: Time DBSCAN =  6.814694202970713
cpu_dbscan: Number of clusters found: 386
cpu_dbscan: Time DBSCAN and graph construction =  10254.15644267993
=== Cluster Properties Calculation ===
cpu_dbscan: Time Properties =  0.13857409683987498
cpu_dbscan: Total time =  16075.752261503134
cpu_dbscan: Finished clustering and property computation. Saving results...
cpu_dbscan: Cluster properties saved to /home/rlomba/cupy/results/CPU/cluster_properties_salr_s1.0_m5_e2.3372653865870716_CPU.txt
cpu_dbscan: Histograms saved to /home/rlomba/cupy/results/CPU/histograms_salr_s1.0_m5_CPU.png
cpu_dbscan: Histogram data saved to /home/rlomba/cupy/results/CPU/histogram_data_salr_s1.0_m5_CPU.txt
cpu_dbscan: Clustered image saved as: /home/rlomba/cupy/results/CPU/salr_clusters_CPU.png
cpu_dbscan: All results saved successfully.
cpu_dbscan: End of program.
===========================================
===========================================
cpu_dbscan_numba: Starting CPU DBSCAN clustering
=== Points Analysis ===
cpu_dbscan_numba: Image name: /home/rlomba/cupy/pictures/salr.jpg Size: (1083, 951)
cpu_dbscan_numba: Calculated min_pts as 2 * dimension + 1 => 2 * 2 + 1 = 5
cpu_dbscan_numba: Using calculated min_pts: 5
cpu_dbscan_numba: Using default std_scale: 1.0
cpu_dbscan_numba: Number of points extracted: 93695
cpu_dbscan_numba: time points extracted =  0.20366916107013822
=== Epsilon Calculation ===
cpu_dbscan_numba: Calculating epsilon automatically...
cpu_dbscan_numba: Recommended epsilon: 2.3372653865870716
cpu_dbscan_numba: Time epsilon obtained =  10.24926029285416
=== DBSCAN Clustering ===
cpu_dbscan_numba: Time graph construction =  14.270190116018057
cpu_dbscan_numba: Time DBSCAN =  0.1914111808873713
cpu_dbscan_numba: Number of clusters found: 386
cpu_dbscan_numba: Time DBSCAN and graph construction =  14.461611926089972
=== Cluster Properties Calculation ===
cpu_dbscan_numba: Time Properties =  0.14597001066431403
cpu_dbscan_numba: Total time =  25.060515137854964
cpu_dbscan_numba: Finished clustering and property computation. Saving results...
cpu_dbscan_numba: Cluster properties saved to /home/rlomba/cupy/results/CPU/cluster_properties_salr_s1.0_m5_e2.3372653865870716_CPU_numba.txt
cpu_dbscan_numba: Histograms saved to /home/rlomba/cupy/results/CPU/histograms_salr_s1.0_m5_CPU_numba.png
cpu_dbscan_numba: Histogram data saved to /home/rlomba/cupy/results/CPU/histogram_data_salr_s1.0_m5_CPU_numba.txt
cpu_dbscan_numba: Clustered image saved as: /home/rlomba/cupy/results/CPU/salr_clusters_CPU_numba.png
cpu_dbscan_numba: All results saved successfully.
cpu_dbscan_numba: End of program.
===========================================
===========================================
gpu_dbscan: Starting GPU DBSCAN clustering
=== GPU Info ===
Number of devices: 1
Current device: 0 - NVIDIA H200 NVL
=== Points Analysis ===
gpu_dbscan: Image name: /home/rlomba/cupy/pictures/salr.jpg Size: (1083, 951)
gpu_dbscan: Calculated min_pts as 2 * dimension + 1 => 2 * 2 + 1 = 5
gpu_dbscan: Using calculated min_pts: 5
gpu_dbscan: Using default std_scale: 1.0
gpu_dbscan: Number of points to cluster: 93695
gpu_dbscan: TimePoints =  0.1916540488600731
=== Epsilon Calculation ===
gpu_dbscan: Recommended epsilon: 2.337265968322754
gpu_dbscan: TimeEpsilon =  0.02289502089843154
=== DBSCAN Clustering ===
gpu_dbscan: TimeGraph =  0.03450780035927892
gpu_dbscan: TimeDBSCAN =  1.3331751357764006
gpu_dbscan: Number of clusters found: 386
gpu_dbscan: Time DBSCAN and graph construction =  1.3676926214247942
=== Cluster Properties Calculation ===
gpu_dbscan: Time Properties =  0.01694045076146722
gpu_dbscan: Total Time =  1.5991868199780583
gpu_dbscan: Finished clustering and property computation. Saving results...
gpu_dbscan: Cluster properties saved to results/GPU/cluster_properties_salr_s1.0_m5_GPU.txt
gpu_dbscan: Histograms saved to results/GPU/histograms_salr_s1.0_m5_GPU.png
gpu_dbscan: Histogram data saved to results/GPU/histogram_data_salr_s1.0_m5_GPU.txt
cpu_dbscan: Clustered image saved as: /home/rlomba/cupy/results/GPU/salr_clusters_GPU.png
gpu_dbscan: All results saved successfully.
gpu_dbscan: End of program.
===========================================
===========================================
gpu_dbscan_ctypes: Starting GPU DBSCAN clustering
=== GPU Info ===
gpu_dbscan_ctypes: Number of devices: 1
gpu_dbscan_ctypes: Current device: 0 - NVIDIA H200 NVL
=== Points Analysis ===
gpu_dbscan_ctypes: Image name: /home/rlomba/cupy/pictures/salr.jpg Size: (1083, 951)
gpu_dbscan_ctypes: Calculated min_pts as 2 * dimension + 1 => 2 * 2 + 1 = 5
gpu_dbscan_ctypes: Using calculated min_pts: 5
gpu_dbscan_ctypes: Using default std_scale: 1.0
gpu_dbscan_ctypes: Number of points to cluster: 93695
gpu_dbscan_ctypes: TimePoints =  0.17286262474954128
=== Epsilon Calculation ===
gpu_dbscan_ctypes: Recommended epsilon: 2.337265968322754
gpu_dbscan_ctypes: TimeEpsilon =  0.01921700593084097
=== DBSCAN Clustering ===
gpu_dbscan_ctypes: TimeGraph =  0.03163904510438442
gpu_dbscan_ctypes: TimeDBSCAN =  0.11894027702510357
gpu_dbscan_ctypes: Number of clusters found: 386
gpu_dbscan_ctypes: Time DBSCAN and graph construction =  0.15059015899896622
=== Cluster Properties Calculation ===
gpu_dbscan_ctypes: Time Properties =  0.01172257587313652
gpu_dbscan_ctypes: Total Time =  0.3543968787416816
gpu_dbscan_ctypes: Finished clustering and property computation. Saving results...
gpu_dbscan_ctypes: Cluster properties saved to results/GPU/cluster_properties_salr_s1.0_m5_GPU_ctypes.txt
gpu_dbscan_ctypes: Histograms saved to results/GPU/histograms_salr_s1.0_m5_GPU_ctypes.png
gpu_dbscan_ctypes: Histogram data saved to results/GPU/histogram_data_salr_s1.0_m5_GPU_ctypes.txt
gpu_dbscan_ctypes: Clustered image saved as: /home/rlomba/cupy/results/GPU/salr_clusters_GPU_ctypes.png
gpu_dbscan_ctypes: All results saved successfully.
gpu_dbscan_ctypes: End of program.
===========================================
