===========================================
cpu_dbscan: Starting CPU DBSCAN clustering
=== Points Analysis ===
cpu_dbscan: Image name: /home/rlomba/cupy/pictures/image.png Size: (1000, 750)
cpu_dbscan: Calculated min_pts as 2 * dimension + 1 => 2 * 2 + 1 = 5
cpu_dbscan: Using calculated min_pts: 5
cpu_dbscan: Using default std_scale: 1.0
cpu_dbscan: Number of points extracted: 107426
cpu_dbscan: time points extracted =  0.16453638998791575
=== Epsilon Calculation ===
cpu_dbscan: Calculating epsilon automatically...
cpu_dbscan: Recommended epsilon: 1.5779277601121198
cpu_dbscan: Time epsilon obtained =  7683.405245214701
=== DBSCAN Clustering ===
cpu_dbscan: Time graph construction =  13719.833305541892
cpu_dbscan: Time DBSCAN =  6.624315204098821
cpu_dbscan: Number of clusters found: 118
cpu_dbscan: Time DBSCAN and graph construction =  13726.457633708138
=== Cluster Properties Calculation ===
cpu_dbscan: Time Properties =  0.1436194460839033
cpu_dbscan: Total time =  21410.171040048823
cpu_dbscan: Finished clustering and property computation. Saving results...
cpu_dbscan: Cluster properties saved to /home/rlomba/cupy/results/CPU/cluster_properties_image_s1.0_m5_e1.5779277601121198_CPU.txt
cpu_dbscan: Histograms saved to /home/rlomba/cupy/results/CPU/histograms_image_s1.0_m5_CPU.png
cpu_dbscan: Histogram data saved to /home/rlomba/cupy/results/CPU/histogram_data_image_s1.0_m5_CPU.txt
cpu_dbscan: Clustered image saved as: /home/rlomba/cupy/results/CPU/image_clusters_CPU.png
cpu_dbscan: All results saved successfully.
cpu_dbscan: End of program.
===========================================
===========================================
cpu_dbscan_numba: Starting CPU DBSCAN clustering
=== Points Analysis ===
cpu_dbscan_numba: Image name: /home/rlomba/cupy/pictures/image.png Size: (1000, 750)
cpu_dbscan_numba: Calculated min_pts as 2 * dimension + 1 => 2 * 2 + 1 = 5
cpu_dbscan_numba: Using calculated min_pts: 5
cpu_dbscan_numba: Using default std_scale: 1.0
cpu_dbscan_numba: Number of points extracted: 107426
cpu_dbscan_numba: time points extracted =  0.16402123542502522
=== Epsilon Calculation ===
cpu_dbscan_numba: Calculating epsilon automatically...
cpu_dbscan_numba: Recommended epsilon: 1.5779277601121198
cpu_dbscan_numba: Time epsilon obtained =  12.24106790870428
=== DBSCAN Clustering ===
cpu_dbscan_numba: Time graph construction =  18.201702495105565
cpu_dbscan_numba: Time DBSCAN =  0.18777714297175407
cpu_dbscan_numba: Number of clusters found: 118
cpu_dbscan_numba: Time DBSCAN and graph construction =  18.389489837922156
=== Cluster Properties Calculation ===
cpu_dbscan_numba: Time Properties =  0.15203406335785985
cpu_dbscan_numba: Total time =  30.946616725064814
cpu_dbscan_numba: Finished clustering and property computation. Saving results...
cpu_dbscan_numba: Cluster properties saved to /home/rlomba/cupy/results/CPU/cluster_properties_image_s1.0_m5_e1.5779277601121198_CPU_numba.txt
cpu_dbscan_numba: Histograms saved to /home/rlomba/cupy/results/CPU/histograms_image_s1.0_m5_CPU_numba.png
cpu_dbscan_numba: Histogram data saved to /home/rlomba/cupy/results/CPU/histogram_data_image_s1.0_m5_CPU_numba.txt
cpu_dbscan_numba: Clustered image saved as: /home/rlomba/cupy/results/CPU/image_clusters_CPU_numba.png
cpu_dbscan_numba: All results saved successfully.
cpu_dbscan_numba: End of program.
===========================================
===========================================
gpu_dbscan: Starting GPU DBSCAN clustering
=== GPU Info ===
Number of devices: 1
Current device: 0 - NVIDIA H200 NVL
=== Points Analysis ===
gpu_dbscan: Image name: /home/rlomba/cupy/pictures/image.png Size: (1000, 750)
gpu_dbscan: Calculated min_pts as 2 * dimension + 1 => 2 * 2 + 1 = 5
gpu_dbscan: Using calculated min_pts: 5
gpu_dbscan: Using default std_scale: 1.0
gpu_dbscan: Number of points to cluster: 107426
gpu_dbscan: TimePoints =  0.22103032190352678
=== Epsilon Calculation ===
gpu_dbscan: Recommended epsilon: 1.577927589416504
gpu_dbscan: TimeEpsilon =  0.026221354957669973
=== DBSCAN Clustering ===
gpu_dbscan: TimeGraph =  0.03738273307681084
gpu_dbscan: TimeDBSCAN =  1.5497162318788469
gpu_dbscan: Number of clusters found: 118
gpu_dbscan: Time DBSCAN and graph construction =  1.587107878178358
=== Cluster Properties Calculation ===
gpu_dbscan: Time Properties =  0.016617279965430498
gpu_dbscan: Total Time =  1.8509808732196689
gpu_dbscan: Finished clustering and property computation. Saving results...
gpu_dbscan: Cluster properties saved to results/GPU/cluster_properties_image_s1.0_m5_GPU.txt
gpu_dbscan: Histograms saved to results/GPU/histograms_image_s1.0_m5_GPU.png
gpu_dbscan: Histogram data saved to results/GPU/histogram_data_image_s1.0_m5_GPU.txt
cpu_dbscan: Clustered image saved as: /home/rlomba/cupy/results/GPU/image_clusters_GPU.png
gpu_dbscan: All results saved successfully.
gpu_dbscan: End of program.
===========================================
===========================================
gpu_dbscan_ctypes: Starting GPU DBSCAN clustering
=== GPU Info ===
gpu_dbscan_ctypes: Number of devices: 1
gpu_dbscan_ctypes: Current device: 0 - NVIDIA H200 NVL
=== Points Analysis ===
gpu_dbscan_ctypes: Image name: /home/rlomba/cupy/pictures/image.png Size: (1000, 750)
gpu_dbscan_ctypes: Calculated min_pts as 2 * dimension + 1 => 2 * 2 + 1 = 5
gpu_dbscan_ctypes: Using calculated min_pts: 5
gpu_dbscan_ctypes: Using default std_scale: 1.0
gpu_dbscan_ctypes: Number of points to cluster: 107426
gpu_dbscan_ctypes: TimePoints =  0.16918654879555106
=== Epsilon Calculation ===
gpu_dbscan_ctypes: Recommended epsilon: 1.577927589416504
gpu_dbscan_ctypes: TimeEpsilon =  0.021520487032830715
=== DBSCAN Clustering ===
gpu_dbscan_ctypes: TimeGraph =  0.03411289304494858
gpu_dbscan_ctypes: TimeDBSCAN =  0.12753270519897342
gpu_dbscan_ctypes: Number of clusters found: 118
gpu_dbscan_ctypes: Time DBSCAN and graph construction =  0.16165710194036365
=== Cluster Properties Calculation ===
gpu_dbscan_ctypes: Time Properties =  0.007995679043233395
gpu_dbscan_ctypes: Total Time =  0.36036437610164285
gpu_dbscan_ctypes: Finished clustering and property computation. Saving results...
gpu_dbscan_ctypes: Cluster properties saved to results/GPU/cluster_properties_image_s1.0_m5_GPU_ctypes.txt
gpu_dbscan_ctypes: Histograms saved to results/GPU/histograms_image_s1.0_m5_GPU_ctypes.png
gpu_dbscan_ctypes: Histogram data saved to results/GPU/histogram_data_image_s1.0_m5_GPU_ctypes.txt
gpu_dbscan_ctypes: Clustered image saved as: /home/rlomba/cupy/results/GPU/image_clusters_GPU_ctypes.png
gpu_dbscan_ctypes: All results saved successfully.
gpu_dbscan_ctypes: End of program.
===========================================
